<?xml version="1.0" encoding="UTF-8"?>
<!-- Generated by org.testng.reporters.JUnitReportReporter -->
<testsuite skipped="0" hostname="Vignesh-PC" name="com.api.rest.restAPI" tests="1" failures="0" timestamp="19 Oct 2019 15:18:48 GMT" time="4.619" errors="0">
  <testcase name="testRestAPI" time="4.619" classname="com.api.rest.restAPI"/>
</testsuite> <!-- com.api.rest.restAPI -->
